[Thu Mar 13 22:12:44 2025] running mktexlsr
[Thu Mar 13 22:12:45 2025] success, output:
mktexlsr: Updating C:/Users/Steve/AppData/Roaming/TinyTeX/texmf-local/ls-R...
mktexlsr: Updated C:/Users/Steve/AppData/Roaming/TinyTeX/texmf-local/ls-R.
mktexlsr: Updating C:/Users/Steve/AppData/Roaming/TinyTeX/texmf-config/ls-R...
mktexlsr: Updated C:/Users/Steve/AppData/Roaming/TinyTeX/texmf-config/ls-R.
mktexlsr: Updating C:/Users/Steve/AppData/Roaming/TinyTeX/texmf-var/ls-R...
mktexlsr: Updated C:/Users/Steve/AppData/Roaming/TinyTeX/texmf-var/ls-R.
mktexlsr: Updating C:/Users/Steve/AppData/Roaming/TinyTeX/texmf-dist/ls-R...
mktexlsr: Updated C:/Users/Steve/AppData/Roaming/TinyTeX/texmf-dist/ls-R.
mktexlsr: Done.
--end of output of mktexlsr.

[Thu Apr  3 23:27:17 2025] running mktexlsr
[Thu Apr  3 23:27:17 2025] success, output:
mktexlsr: Updating C:/Users/Steve/AppData/Roaming/TinyTeX/texmf-local/ls-R...
mktexlsr: Updated C:/Users/Steve/AppData/Roaming/TinyTeX/texmf-local/ls-R.
mktexlsr: Updating C:/Users/Steve/AppData/Roaming/TinyTeX/texmf-config/ls-R...
mktexlsr: Updated C:/Users/Steve/AppData/Roaming/TinyTeX/texmf-config/ls-R.
mktexlsr: Updating C:/Users/Steve/AppData/Roaming/TinyTeX/texmf-var/ls-R...
mktexlsr: Updated C:/Users/Steve/AppData/Roaming/TinyTeX/texmf-var/ls-R.
mktexlsr: Updating C:/Users/Steve/AppData/Roaming/TinyTeX/texmf-dist/ls-R...
mktexlsr: Updated C:/Users/Steve/AppData/Roaming/TinyTeX/texmf-dist/ls-R.
mktexlsr: Done.
--end of output of mktexlsr.

[Thu Apr  3 23:27:17 2025] running updmap-sys
[Thu Apr  3 23:27:17 2025] error, status: 1, output:
...\Steve\AppData\Roaming\TinyTeX\bin\windows\runscript.tlu:953: ...\Steve\AppData\Roaming\TinyTeX\bin\windows\runscript.tlu:876: no appropriate script or program found: updmap
--end of output of updmap-sys.

[Thu Apr  3 23:27:17 2025] running fmtutil-sys --byengine luatex --no-error-if-no-format --no-error-if-no-engine=luametatex,luajithbtex,luajittex,mfluajit --status-file=C:\Users\Steve\AppData\Local\Temp\HwF14A4OyZ\ADDWFQEs8u
[Thu Apr  3 23:27:18 2025] error, status: 1, output:
...\Steve\AppData\Roaming\TinyTeX\bin\windows\runscript.tlu:953: ...\Steve\AppData\Roaming\TinyTeX\bin\windows\runscript.tlu:876: no appropriate script or program found: fmtutil
--end of output of fmtutil-sys --byengine luatex --no-error-if-no-format --no-error-if-no-engine=luametatex,luajithbtex,luajittex,mfluajit --status-file=C:\Users\Steve\AppData\Local\Temp\HwF14A4OyZ\ADDWFQEs8u.

[Thu Apr  3 23:27:18 2025] running fmtutil-sys --byengine luahbtex --no-error-if-no-format --no-error-if-no-engine=luametatex,luajithbtex,luajittex,mfluajit --status-file=C:\Users\Steve\AppData\Local\Temp\HwF14A4OyZ\ADDWFQEs8u
[Thu Apr  3 23:27:18 2025] error, status: 1, output:
...\Steve\AppData\Roaming\TinyTeX\bin\windows\runscript.tlu:953: ...\Steve\AppData\Roaming\TinyTeX\bin\windows\runscript.tlu:876: no appropriate script or program found: fmtutil
--end of output of fmtutil-sys --byengine luahbtex --no-error-if-no-format --no-error-if-no-engine=luametatex,luajithbtex,luajittex,mfluajit --status-file=C:\Users\Steve\AppData\Local\Temp\HwF14A4OyZ\ADDWFQEs8u.

[Thu Apr  3 23:27:18 2025] running fmtutil-sys --byengine xetex --no-error-if-no-format --no-error-if-no-engine=luametatex,luajithbtex,luajittex,mfluajit --status-file=C:\Users\Steve\AppData\Local\Temp\HwF14A4OyZ\ADDWFQEs8u
[Thu Apr  3 23:27:18 2025] error, status: 1, output:
...\Steve\AppData\Roaming\TinyTeX\bin\windows\runscript.tlu:953: ...\Steve\AppData\Roaming\TinyTeX\bin\windows\runscript.tlu:876: no appropriate script or program found: fmtutil
--end of output of fmtutil-sys --byengine xetex --no-error-if-no-format --no-error-if-no-engine=luametatex,luajithbtex,luajittex,mfluajit --status-file=C:\Users\Steve\AppData\Local\Temp\HwF14A4OyZ\ADDWFQEs8u.

[Thu Apr  3 23:27:18 2025] running fmtutil-sys --byfmt latex --no-error-if-no-engine=luametatex,luajithbtex,luajittex,mfluajit --status-file=C:\Users\Steve\AppData\Local\Temp\HwF14A4OyZ\ADDWFQEs8u
[Thu Apr  3 23:27:18 2025] error, status: 1, output:
...\Steve\AppData\Roaming\TinyTeX\bin\windows\runscript.tlu:953: ...\Steve\AppData\Roaming\TinyTeX\bin\windows\runscript.tlu:876: no appropriate script or program found: fmtutil
--end of output of fmtutil-sys --byfmt latex --no-error-if-no-engine=luametatex,luajithbtex,luajittex,mfluajit --status-file=C:\Users\Steve\AppData\Local\Temp\HwF14A4OyZ\ADDWFQEs8u.

[Thu Apr  3 23:27:18 2025] running fmtutil-sys --byfmt pdflatex --no-error-if-no-engine=luametatex,luajithbtex,luajittex,mfluajit --status-file=C:\Users\Steve\AppData\Local\Temp\HwF14A4OyZ\ADDWFQEs8u
[Thu Apr  3 23:27:18 2025] error, status: 1, output:
...\Steve\AppData\Roaming\TinyTeX\bin\windows\runscript.tlu:953: ...\Steve\AppData\Roaming\TinyTeX\bin\windows\runscript.tlu:876: no appropriate script or program found: fmtutil
--end of output of fmtutil-sys --byfmt pdflatex --no-error-if-no-engine=luametatex,luajithbtex,luajittex,mfluajit --status-file=C:\Users\Steve\AppData\Local\Temp\HwF14A4OyZ\ADDWFQEs8u.

[Thu Apr  3 23:28:17 2025] running mktexlsr
[Thu Apr  3 23:28:17 2025] success, output:
mktexlsr: Updating C:/Users/Steve/AppData/Roaming/TinyTeX/texmf-local/ls-R...
mktexlsr: Updated C:/Users/Steve/AppData/Roaming/TinyTeX/texmf-local/ls-R.
mktexlsr: Updating C:/Users/Steve/AppData/Roaming/TinyTeX/texmf-config/ls-R...
mktexlsr: Updated C:/Users/Steve/AppData/Roaming/TinyTeX/texmf-config/ls-R.
mktexlsr: Updating C:/Users/Steve/AppData/Roaming/TinyTeX/texmf-var/ls-R...
mktexlsr: Updated C:/Users/Steve/AppData/Roaming/TinyTeX/texmf-var/ls-R.
mktexlsr: Updating C:/Users/Steve/AppData/Roaming/TinyTeX/texmf-dist/ls-R...
mktexlsr: Updated C:/Users/Steve/AppData/Roaming/TinyTeX/texmf-dist/ls-R.
mktexlsr: Done.
--end of output of mktexlsr.

[Thu Apr  3 23:28:17 2025] running updmap-sys
[Thu Apr  3 23:28:19 2025] success, output:
updmap will read the following updmap.cfg files (in precedence order):
  c:/users/steve/appdata/roaming/tinytex/texmf-dist/web2c/updmap.cfg
updmap may write changes to the following updmap.cfg file:
  c:/users/steve/appdata/roaming/tinytex/texmf-config/web2c/updmap.cfg
dvips output dir: "c:/users/steve/appdata/roaming/tinytex/texmf-var/fonts/map/dvips/updmap"
pdftex output dir: "c:/users/steve/appdata/roaming/tinytex/texmf-var/fonts/map/pdftex/updmap"
dvipdfmx output dir: "c:/users/steve/appdata/roaming/tinytex/texmf-var/fonts/map/dvipdfmx/updmap"

updmap is creating new map files
using the following configuration:
  LW35 font names                  : URWkb (c:/users/steve/appdata/roaming/tinytex/texmf-dist/web2c/updmap.cfg)
  prefer outlines                  : true (c:/users/steve/appdata/roaming/tinytex/texmf-dist/web2c/updmap.cfg)
  texhash enabled                  : true
  download standard fonts (dvips)  : true (c:/users/steve/appdata/roaming/tinytex/texmf-dist/web2c/updmap.cfg)
  download standard fonts (pdftex) : true (c:/users/steve/appdata/roaming/tinytex/texmf-dist/web2c/updmap.cfg)
  jaEmbed replacement string       : haranoaji (c:/users/steve/appdata/roaming/tinytex/texmf-dist/web2c/updmap.cfg)
  jaVariant replacement string     : -04 (c:/users/steve/appdata/roaming/tinytex/texmf-dist/web2c/updmap.cfg)
  scEmbed replacement string       : arphic (c:/users/steve/appdata/roaming/tinytex/texmf-dist/web2c/updmap.cfg)
  tcEmbed replacement string       : arphic (c:/users/steve/appdata/roaming/tinytex/texmf-dist/web2c/updmap.cfg)
  koEmbed replacement string       : baekmuk (c:/users/steve/appdata/roaming/tinytex/texmf-dist/web2c/updmap.cfg)
  create a mapfile for pxdvi       : false (default)

Scanning for LW35 support files  [  3 files]
Scanning for MixedMap entries    [  7 files]
Scanning for KanjiMap entries    [  0 files]
Scanning for Map entries         [ 13 files]

Generating output for dvipdfmx...
Generating output for ps2pk...
Generating output for dvips...
Generating output for pdftex...

Files generated:
  c:/users/steve/appdata/roaming/tinytex/texmf-var/fonts/map/dvips/updmap:
       16083 2025-04-03 23:28:18 builtin35.map
       21557 2025-04-03 23:28:18 download35.map
       87860 2025-04-03 23:28:18 psfonts_pk.map
       94245 2025-04-03 23:28:18 psfonts_t1.map
       94240 2025-04-03 23:28:18 ps2pk.map
       94245 2025-04-03 23:28:18 psfonts.map = psfonts_t1.map
  c:/users/steve/appdata/roaming/tinytex/texmf-var/fonts/map/pdftex/updmap:
       94247 2025-04-03 23:28:18 pdftex_dl14.map
       92582 2025-04-03 23:28:18 pdftex_ndl14.map
       94247 2025-04-03 23:28:18 pdftex.map = pdftex_dl14.map
  c:/users/steve/appdata/roaming/tinytex/texmf-var/fonts/map/dvipdfmx/updmap:
         355 2025-04-03 23:28:18 kanjix.map

Transcript written on: c:/users/steve/appdata/roaming/tinytex/texmf-var/web2c/updmap.log
updmap: updating ls-R files.
--end of output of updmap-sys.

